INFO [2016-11-18 08:57:46] Running evaporation calculation
DEBUG [2016-11-18 08:57:46] Version is 1.0
INFO [2016-11-18 08:57:46] Running temperature transformation
DEBUG [2016-11-18 08:57:46] Version={v1.1}
INFO [2016-11-18 08:57:46] Reading reference data, file={tests/testthat/regressionInput/radiation/KNMI14____ref_rsds___19810101-20101231_v3.2.txt}
DEBUG [2016-11-18 08:57:46] Scanning of the reference data returned n={10964} lines.
INFO [2016-11-18 08:57:46] Reading deltas, file={deltas-KNMI14__rsds_____2030.txt}
DEBUG [2016-11-18 08:57:46] Running rsds_trans_KNMI14
INFO [2016-11-18 08:57:48] Write output
DEBUG [2016-11-18 08:57:48] Radiation transformation ended successfully!
DEBUG [2016-11-18 08:57:48] 
INFO [2016-11-18 08:57:48] Running temperature transformation
DEBUG [2016-11-18 08:57:48] Version is 1.0
INFO [2016-11-18 08:57:48] Reading reference data, file={tests/testthat/regressionInput/temperature/KNMI14____ref_tg___19810101-20101231_v3.2.txt}
DEBUG [2016-11-18 08:57:48] Scanning of the reference data returned n={10964} lines.
DEBUG [2016-11-18 08:57:48] obs colnames={date, 210, 235, 240, 260, 270, 275, 280, 290, 310, 344, 350, 370, 375, 380}
INFO [2016-11-18 08:57:48] Reading deltas, file={deltas-KNMI14__tg_______2030.txt}
DEBUG [2016-11-18 08:57:48] regio.table={NA}
DEBUG [2016-11-18 08:57:48] Running tm_trans_KNMI14
INFO [2016-11-18 08:57:48] Write output
DEBUG [2016-11-18 08:57:48] Temperature transformation ended successfully!
DEBUG [2016-11-18 08:57:48] 
INFO [2016-11-18 08:57:49] Write output
DEBUG [2016-11-18 08:57:49] Evaporation calculation ended successfully!
DEBUG [2016-11-18 08:57:49] 
INFO [2016-11-18 08:57:49] Running evaporation calculation
DEBUG [2016-11-18 08:57:49] Version is 1.0
INFO [2016-11-18 08:57:49] Running temperature transformation
DEBUG [2016-11-18 08:57:49] Version={v1.1}
INFO [2016-11-18 08:57:49] Reading reference data, file={tests/testthat/regressionInput/radiation/KNMI14____ref_rsds___19810101-20101231_v3.2.txt}
DEBUG [2016-11-18 08:57:49] Scanning of the reference data returned n={10964} lines.
INFO [2016-11-18 08:57:49] Reading deltas, file={deltas-KNMI14__rsds_____2030.txt}
DEBUG [2016-11-18 08:57:49] Running rsds_trans_KNMI14
INFO [2016-11-18 08:57:50] Write output
DEBUG [2016-11-18 08:57:50] Radiation transformation ended successfully!
DEBUG [2016-11-18 08:57:50] 
INFO [2016-11-18 08:57:50] Running temperature transformation
DEBUG [2016-11-18 08:57:50] Version is 1.0
INFO [2016-11-18 08:57:50] Reading reference data, file={tests/testthat/regressionInput/temperature/KNMI14____ref_tg___19810101-20101231_v3.2.txt}
DEBUG [2016-11-18 08:57:50] Scanning of the reference data returned n={10964} lines.
DEBUG [2016-11-18 08:57:51] obs colnames={date, 210, 235, 240, 260, 270, 275, 280, 290, 310, 344, 350, 370, 375, 380}
INFO [2016-11-18 08:57:51] Reading deltas, file={deltas-KNMI14__tg_______2030.txt}
DEBUG [2016-11-18 08:57:51] regio.table={NA}
DEBUG [2016-11-18 08:57:51] Running tm_trans_KNMI14
INFO [2016-11-18 08:57:51] Write output
DEBUG [2016-11-18 08:57:51] Temperature transformation ended successfully!
DEBUG [2016-11-18 08:57:51] 
INFO [2016-11-18 08:57:51] Write output
DEBUG [2016-11-18 08:57:51] Evaporation calculation ended successfully!
DEBUG [2016-11-18 08:57:51] 
INFO [2016-11-18 08:57:51] Running evaporation calculation
DEBUG [2016-11-18 08:57:51] Version is 1.0
INFO [2016-11-18 08:57:51] Running temperature transformation
DEBUG [2016-11-18 08:57:51] Version={v1.1}
INFO [2016-11-18 08:57:51] Reading reference data, file={tests/testthat/regressionInput/radiation/KNMI14____ref_rsds___19810101-20101231_v3.2.txt}
DEBUG [2016-11-18 08:57:51] Scanning of the reference data returned n={10964} lines.
INFO [2016-11-18 08:57:52] Reading deltas, file={deltas-KNMI14__rsds_____2030.txt}
DEBUG [2016-11-18 08:57:52] Running rsds_trans_KNMI14
INFO [2016-11-18 08:57:53] Write output
DEBUG [2016-11-18 08:57:53] Radiation transformation ended successfully!
DEBUG [2016-11-18 08:57:53] 
INFO [2016-11-18 08:57:53] Running temperature transformation
DEBUG [2016-11-18 08:57:53] Version is 1.0
INFO [2016-11-18 08:57:53] Reading reference data, file={tests/testthat/regressionInput/temperature/KNMI14____ref_tg___19810101-20101231_v3.2.txt}
DEBUG [2016-11-18 08:57:53] Scanning of the reference data returned n={10964} lines.
DEBUG [2016-11-18 08:57:53] obs colnames={date, 210, 235, 240, 260, 270, 275, 280, 290, 310, 344, 350, 370, 375, 380}
INFO [2016-11-18 08:57:53] Reading deltas, file={deltas-KNMI14__tg_______2030.txt}
DEBUG [2016-11-18 08:57:53] regio.table={NA}
DEBUG [2016-11-18 08:57:53] Running tm_trans_KNMI14
INFO [2016-11-18 08:57:53] Write output
DEBUG [2016-11-18 08:57:53] Temperature transformation ended successfully!
DEBUG [2016-11-18 08:57:53] 
INFO [2016-11-18 08:57:54] Write output
DEBUG [2016-11-18 08:57:54] Evaporation calculation ended successfully!
DEBUG [2016-11-18 08:57:54] 
INFO [2016-11-18 08:57:54] Running evaporation calculation
DEBUG [2016-11-18 08:57:54] Version is 1.0
INFO [2016-11-18 08:57:54] Running temperature transformation
DEBUG [2016-11-18 08:57:54] Version={v1.1}
INFO [2016-11-18 08:57:54] Reading reference data, file={tests/testthat/regressionInput/radiation/KNMI14____ref_rsds___19810101-20101231_v3.2.txt}
DEBUG [2016-11-18 08:57:54] Scanning of the reference data returned n={10964} lines.
INFO [2016-11-18 08:57:54] Reading deltas, file={deltas-KNMI14__rsds_____2030.txt}
DEBUG [2016-11-18 08:57:54] Running rsds_trans_KNMI14
INFO [2016-11-18 08:57:55] Write output
DEBUG [2016-11-18 08:57:56] Radiation transformation ended successfully!
DEBUG [2016-11-18 08:57:56] 
INFO [2016-11-18 08:57:56] Running temperature transformation
DEBUG [2016-11-18 08:57:56] Version is 1.0
INFO [2016-11-18 08:57:56] Reading reference data, file={tests/testthat/regressionInput/temperature/KNMI14____ref_tg___19810101-20101231_v3.2.txt}
DEBUG [2016-11-18 08:57:56] Scanning of the reference data returned n={10964} lines.
DEBUG [2016-11-18 08:57:56] obs colnames={date, 210, 235, 240, 260, 270, 275, 280, 290, 310, 344, 350, 370, 375, 380}
INFO [2016-11-18 08:57:56] Reading deltas, file={deltas-KNMI14__tg_______2030.txt}
DEBUG [2016-11-18 08:57:56] regio.table={NA}
DEBUG [2016-11-18 08:57:56] Running tm_trans_KNMI14
INFO [2016-11-18 08:57:56] Write output
DEBUG [2016-11-18 08:57:56] Temperature transformation ended successfully!
DEBUG [2016-11-18 08:57:56] 
INFO [2016-11-18 08:57:56] Write output
DEBUG [2016-11-18 08:57:56] Evaporation calculation ended successfully!
DEBUG [2016-11-18 08:57:56] 
INFO [2016-11-18 08:57:56] Running evaporation calculation
DEBUG [2016-11-18 08:57:56] Version is 1.0
INFO [2016-11-18 08:57:56] Running temperature transformation
DEBUG [2016-11-18 08:57:57] Version={v1.1}
INFO [2016-11-18 08:57:57] Reading reference data, file={tests/testthat/regressionInput/radiation/KNMI14____ref_rsds___19810101-20101231_v3.2.txt}
DEBUG [2016-11-18 08:57:57] Scanning of the reference data returned n={10964} lines.
INFO [2016-11-18 08:57:57] Reading deltas, file={deltas-KNMI14__rsds_____2030.txt}
DEBUG [2016-11-18 08:57:57] Running rsds_trans_KNMI14
INFO [2016-11-18 08:57:58] Write output
DEBUG [2016-11-18 08:57:58] Radiation transformation ended successfully!
DEBUG [2016-11-18 08:57:58] 
INFO [2016-11-18 08:57:58] Running temperature transformation
DEBUG [2016-11-18 08:57:58] Version is 1.0
INFO [2016-11-18 08:57:58] Reading reference data, file={tests/testthat/regressionInput/temperature/KNMI14____ref_tg___19810101-20101231_v3.2.txt}
DEBUG [2016-11-18 08:57:58] Scanning of the reference data returned n={10964} lines.
DEBUG [2016-11-18 08:57:58] obs colnames={date, 210, 235, 240, 260, 270, 275, 280, 290, 310, 344, 350, 370, 375, 380}
INFO [2016-11-18 08:57:58] Reading deltas, file={deltas-KNMI14__tg_______2030.txt}
DEBUG [2016-11-18 08:57:58] regio.table={NA}
DEBUG [2016-11-18 08:57:58] Running tm_trans_KNMI14
INFO [2016-11-18 08:57:59] Write output
DEBUG [2016-11-18 08:57:59] Temperature transformation ended successfully!
DEBUG [2016-11-18 08:57:59] 
INFO [2016-11-18 08:57:59] Write output
DEBUG [2016-11-18 08:57:59] Evaporation calculation ended successfully!
DEBUG [2016-11-18 08:57:59] 
INFO [2016-11-18 08:57:59] Running evaporation calculation
DEBUG [2016-11-18 08:57:59] Version is 1.0
INFO [2016-11-18 08:57:59] Running temperature transformation
DEBUG [2016-11-18 08:57:59] Version={v1.1}
INFO [2016-11-18 08:57:59] Reading reference data, file={tests/testthat/regressionInput/radiation/KNMI14____ref_rsds___19810101-20101231_v3.2.txt}
DEBUG [2016-11-18 08:57:59] Scanning of the reference data returned n={10964} lines.
INFO [2016-11-18 08:57:59] Reading deltas, file={deltas-KNMI14__rsds_____2030.txt}
DEBUG [2016-11-18 08:57:59] Running rsds_trans_KNMI14
INFO [2016-11-18 08:58:01] Write output
DEBUG [2016-11-18 08:58:01] Radiation transformation ended successfully!
DEBUG [2016-11-18 08:58:01] 
INFO [2016-11-18 08:58:01] Running temperature transformation
DEBUG [2016-11-18 08:58:01] Version is 1.0
INFO [2016-11-18 08:58:01] Reading reference data, file={tests/testthat/regressionInput/temperature/KNMI14____ref_tg___19810101-20101231_v3.2.txt}
DEBUG [2016-11-18 08:58:01] Scanning of the reference data returned n={10964} lines.
DEBUG [2016-11-18 08:58:01] obs colnames={date, 210, 235, 240, 260, 270, 275, 280, 290, 310, 344, 350, 370, 375, 380}
INFO [2016-11-18 08:58:01] Reading deltas, file={deltas-KNMI14__tg_______2030.txt}
DEBUG [2016-11-18 08:58:01] regio.table={NA}
DEBUG [2016-11-18 08:58:01] Running tm_trans_KNMI14
INFO [2016-11-18 08:58:01] Write output
DEBUG [2016-11-18 08:58:01] Temperature transformation ended successfully!
DEBUG [2016-11-18 08:58:01] 
INFO [2016-11-18 08:58:01] Write output
DEBUG [2016-11-18 08:58:02] Evaporation calculation ended successfully!
DEBUG [2016-11-18 08:58:02] 
INFO [2016-11-18 08:58:02] Running evaporation calculation
DEBUG [2016-11-18 08:58:02] Version is 1.0
INFO [2016-11-18 08:58:02] Running temperature transformation
DEBUG [2016-11-18 08:58:02] Version={v1.1}
INFO [2016-11-18 08:58:02] Reading reference data, file={tests/testthat/regressionInput/radiation/KNMI14____ref_rsds___19810101-20101231_v3.2.txt}
DEBUG [2016-11-18 08:58:02] Scanning of the reference data returned n={10964} lines.
INFO [2016-11-18 08:58:02] Reading deltas, file={deltas-KNMI14__rsds_____2030.txt}
DEBUG [2016-11-18 08:58:02] Running rsds_trans_KNMI14
INFO [2016-11-18 08:58:03] Write output
DEBUG [2016-11-18 08:58:03] Radiation transformation ended successfully!
DEBUG [2016-11-18 08:58:03] 
INFO [2016-11-18 08:58:03] Running temperature transformation
DEBUG [2016-11-18 08:58:03] Version is 1.0
INFO [2016-11-18 08:58:03] Reading reference data, file={tests/testthat/regressionInput/temperature/KNMI14____ref_tg___19810101-20101231_v3.2.txt}
DEBUG [2016-11-18 08:58:03] Scanning of the reference data returned n={10964} lines.
DEBUG [2016-11-18 08:58:04] obs colnames={date, 210, 235, 240, 260, 270, 275, 280, 290, 310, 344, 350, 370, 375, 380}
INFO [2016-11-18 08:58:04] Reading deltas, file={deltas-KNMI14__tg_______2030.txt}
DEBUG [2016-11-18 08:58:04] regio.table={NA}
DEBUG [2016-11-18 08:58:04] Running tm_trans_KNMI14
INFO [2016-11-18 08:58:04] Write output
DEBUG [2016-11-18 08:58:04] Temperature transformation ended successfully!
DEBUG [2016-11-18 08:58:04] 
INFO [2016-11-18 08:58:04] Write output
DEBUG [2016-11-18 08:58:04] Evaporation calculation ended successfully!
DEBUG [2016-11-18 08:58:04] 
INFO [2016-11-18 08:58:04] Running evaporation calculation
DEBUG [2016-11-18 08:58:04] Version is 1.0
INFO [2016-11-18 08:58:04] Running temperature transformation
DEBUG [2016-11-18 08:58:04] Version={v1.1}
INFO [2016-11-18 08:58:04] Reading reference data, file={tests/testthat/regressionInput/radiation/KNMI14____ref_rsds___19810101-20101231_v3.2.txt}
DEBUG [2016-11-18 08:58:04] Scanning of the reference data returned n={10964} lines.
INFO [2016-11-18 08:58:05] Reading deltas, file={deltas-KNMI14__rsds_____2030.txt}
DEBUG [2016-11-18 08:58:05] Running rsds_trans_KNMI14
INFO [2016-11-18 08:58:06] Write output
DEBUG [2016-11-18 08:58:06] Radiation transformation ended successfully!
DEBUG [2016-11-18 08:58:06] 
INFO [2016-11-18 08:58:06] Running temperature transformation
DEBUG [2016-11-18 08:58:06] Version is 1.0
INFO [2016-11-18 08:58:06] Reading reference data, file={tests/testthat/regressionInput/temperature/KNMI14____ref_tg___19810101-20101231_v3.2.txt}
DEBUG [2016-11-18 08:58:06] Scanning of the reference data returned n={10964} lines.
DEBUG [2016-11-18 08:58:06] obs colnames={date, 210, 235, 240, 260, 270, 275, 280, 290, 310, 344, 350, 370, 375, 380}
INFO [2016-11-18 08:58:06] Reading deltas, file={deltas-KNMI14__tg_______2030.txt}
DEBUG [2016-11-18 08:58:06] regio.table={NA}
DEBUG [2016-11-18 08:58:06] Running tm_trans_KNMI14
INFO [2016-11-18 08:58:06] Write output
DEBUG [2016-11-18 08:58:06] Temperature transformation ended successfully!
DEBUG [2016-11-18 08:58:07] 
INFO [2016-11-18 08:58:07] Write output
DEBUG [2016-11-18 08:58:07] Evaporation calculation ended successfully!
DEBUG [2016-11-18 08:58:07] 
INFO [2016-11-18 08:58:07] Running evaporation calculation
DEBUG [2016-11-18 08:58:07] Version is 1.0
INFO [2016-11-18 08:58:07] Running temperature transformation
DEBUG [2016-11-18 08:58:07] Version={v1.1}
INFO [2016-11-18 08:58:07] Reading reference data, file={tests/testthat/regressionInput/radiation/KNMI14____ref_rsds___19810101-20101231_v3.2.txt}
DEBUG [2016-11-18 08:58:07] Scanning of the reference data returned n={10964} lines.
INFO [2016-11-18 08:58:07] Reading deltas, file={deltas-KNMI14__rsds_____2030.txt}
DEBUG [2016-11-18 08:58:07] Running rsds_trans_KNMI14
INFO [2016-11-18 08:58:08] Write output
DEBUG [2016-11-18 08:58:09] Radiation transformation ended successfully!
DEBUG [2016-11-18 08:58:09] 
INFO [2016-11-18 08:58:09] Running temperature transformation
DEBUG [2016-11-18 08:58:09] Version is 1.0
INFO [2016-11-18 08:58:09] Reading reference data, file={tests/testthat/regressionInput/temperature/KNMI14____ref_tg___19810101-20101231_v3.2.txt}
DEBUG [2016-11-18 08:58:09] Scanning of the reference data returned n={10964} lines.
DEBUG [2016-11-18 08:58:09] obs colnames={date, 210, 235, 240, 260, 270, 275, 280, 290, 310, 344, 350, 370, 375, 380}
INFO [2016-11-18 08:58:09] Reading deltas, file={deltas-KNMI14__tg_______2030.txt}
DEBUG [2016-11-18 08:58:09] regio.table={NA}
DEBUG [2016-11-18 08:58:09] Running tm_trans_KNMI14
INFO [2016-11-18 08:58:09] Write output
DEBUG [2016-11-18 08:58:09] Temperature transformation ended successfully!
DEBUG [2016-11-18 08:58:09] 
INFO [2016-11-18 08:58:09] Write output
DEBUG [2016-11-18 08:58:10] Evaporation calculation ended successfully!
DEBUG [2016-11-18 08:58:10] 
INFO [2016-11-18 12:27:58] Running evaporation calculation
DEBUG [2016-11-18 12:27:58] Version is 1.0
INFO [2016-11-18 12:27:58] Running temperature transformation
DEBUG [2016-11-18 12:27:58] Version={v1.1}
INFO [2016-11-18 12:27:58] Reading reference data, file={regressionInput/radiation/KNMI14____ref_rsds___19810101-20101231_v3.2.txt}
INFO [2016-11-18 12:28:47] Running temperature transformation
DEBUG [2016-11-18 12:28:47] Version={v1.1}
INFO [2016-11-18 12:28:47] Reading reference data, file={regressionInput/radiation/KNMI14____ref_rsds___19810101-20101231_v3.2.txt}
INFO [2016-11-18 12:29:28] Running temperature transformation
DEBUG [2016-11-18 12:29:28] Version={v1.1}
INFO [2016-11-18 12:29:28] Reading reference data, file={tests/testthat/regressionInput/radiation/KNMI14____ref_rsds___19810101-20101231_v3.2.txt}
DEBUG [2016-11-18 12:29:28] Scanning of the reference data returned n={10964} lines.
INFO [2016-11-18 12:29:29] Reading deltas, file={deltas-KNMI14__rsds_____2030.txt}
DEBUG [2016-11-18 12:29:29] Running rsds_trans_KNMI14
INFO [2016-11-18 12:29:30] Write output
DEBUG [2016-11-18 12:29:30] Radiation transformation ended successfully!
DEBUG [2016-11-18 12:29:30] 
INFO [2016-11-18 12:29:48] Running temperature transformation
DEBUG [2016-11-18 12:29:48] Version is 1.0
INFO [2016-11-18 12:29:48] Reading reference data, file={tests/testthat/regressionInput/temperature/KNMI14____ref_tg___19810101-20101231_v3.2.txt}
DEBUG [2016-11-18 12:29:48] Scanning of the reference data returned n={10964} lines.
DEBUG [2016-11-18 12:29:48] obs colnames={date, 210, 235, 240, 260, 270, 275, 280, 290, 310, 344, 350, 370, 375, 380}
INFO [2016-11-18 12:29:48] Reading deltas, file={deltas-KNMI14__tg_______2030.txt}
DEBUG [2016-11-18 12:29:49] regio.table={NA}
DEBUG [2016-11-18 12:29:49] Running tm_trans_KNMI14
INFO [2016-11-18 12:29:49] Write output
DEBUG [2016-11-18 12:29:49] Temperature transformation ended successfully!
DEBUG [2016-11-18 12:29:49] 
INFO [2016-11-18 12:51:19] Running evaporation calculation
DEBUG [2016-11-18 12:51:19] Version is 1.0
INFO [2016-11-18 12:51:19] Running temperature transformation
DEBUG [2016-11-18 12:51:19] Version={v1.1}
INFO [2016-11-18 12:51:19] Reading reference data, file={regressionInput/radiation/KNMI14____ref_rsds___19810101-20101231_v3.2.txt}
